#
# There is insufficient memory for the Java Runtime Environment to continue.
# Native memory allocation (malloc) failed to allocate 32744 bytes for ChunkPool::allocate
# Possible reasons:
#   The system is out of physical RAM or swap space
#   In 32 bit mode, the process size limit was hit
# Possible solutions:
#   Reduce memory load on the system
#   Increase physical memory or swap space
#   Check if swap backing store is full
#   Use 64 bit Java on a 64 bit OS
#   Decrease Java heap size (-Xmx/-Xms)
#   Decrease number of Java threads
#   Decrease Java thread stack sizes (-Xss)
#   Set larger code cache with -XX:ReservedCodeCacheSize=
# This output file may be truncated or incomplete.
#
#  Out of Memory Error (allocation.cpp:273), pid=1000, tid=0x0000000000000c0c
#
# JRE version: OpenJDK Runtime Environment (8.0_76-b03) (build 1.8.0_76-release-b03)
# Java VM: OpenJDK 64-Bit Server VM (25.76-b03 mixed mode windows-amd64 compressed oops)
# Failed to write core dump. Minidumps are not enabled by default on client versions of Windows
#

---------------  T H R E A D  ---------------

Current thread (0x0000000016946800):  JavaThread "C2 CompilerThread1" daemon [_thread_in_native, id=3084, stack(0x00000000180a0000,0x00000000181a0000)]

Stack: [0x00000000180a0000,0x00000000181a0000]
[error occurred during error reporting (printing stack bounds), id 0xc0000005]

Native frames: (J=compiled Java code, j=interpreted, Vv=VM code, C=native code)


Current CompileTask:
C2: 216464 10270       4       sun.nio.cs.SingleByte$Encoder::encodeArrayLoop (236 bytes)


---------------  P R O C E S S  ---------------

Java Threads: ( => current thread )
  0x000000001b63e000 JavaThread "stdout" daemon [_thread_in_native, id=6604, stack(0x0000000028700000,0x0000000028800000)]
  0x000000001b63a800 JavaThread "stderr" daemon [_thread_in_native, id=7172, stack(0x0000000028600000,0x0000000028700000)]
  0x000000001b636800 JavaThread "pool-6-thread-1" [_thread_blocked, id=8676, stack(0x0000000028500000,0x0000000028600000)]
  0x000000001b63c800 JavaThread "stdout" daemon [_thread_in_native, id=8988, stack(0x0000000028400000,0x0000000028500000)]
  0x000000001b639000 JavaThread "stderr" daemon [_thread_in_native, id=8144, stack(0x0000000028300000,0x0000000028400000)]
  0x000000001b637800 JavaThread "stdout" daemon [_thread_in_native, id=8252, stack(0x0000000028200000,0x0000000028300000)]
  0x000000001b63d800 JavaThread "stderr" daemon [_thread_in_native, id=6892, stack(0x0000000028100000,0x0000000028200000)]
  0x000000001b63b000 JavaThread "stdout" daemon [_thread_in_native, id=6964, stack(0x0000000028000000,0x0000000028100000)]
  0x000000001ff81800 JavaThread "stderr" daemon [_thread_in_native, id=112, stack(0x0000000027f00000,0x0000000028000000)]
  0x000000001ff87800 JavaThread "stdout" daemon [_thread_in_native, id=2452, stack(0x0000000027e00000,0x0000000027f00000)]
  0x000000001ff86000 JavaThread "stderr" daemon [_thread_in_native, id=5304, stack(0x0000000027d00000,0x0000000027e00000)]
  0x000000001ff85000 JavaThread "png-cruncher_20" daemon [_thread_blocked, id=7452, stack(0x0000000027c00000,0x0000000027d00000)]
  0x000000001ff83800 JavaThread "png-cruncher_19" daemon [_thread_blocked, id=8528, stack(0x0000000027b00000,0x0000000027c00000)]
  0x000000001ff84800 JavaThread "png-cruncher_18" daemon [_thread_blocked, id=7700, stack(0x0000000027a00000,0x0000000027b00000)]
  0x000000001ff83000 JavaThread "png-cruncher_17" daemon [_thread_in_native, id=5052, stack(0x0000000027900000,0x0000000027a00000)]
  0x000000001ff82000 JavaThread "png-cruncher_16" daemon [_thread_blocked, id=1796, stack(0x0000000027800000,0x0000000027900000)]
  0x000000001ff86800 JavaThread "stdout" daemon [_thread_in_native, id=8916, stack(0x0000000027700000,0x0000000027800000)]
  0x000000001ff79800 JavaThread "stderr" daemon [_thread_in_native, id=3616, stack(0x0000000027600000,0x0000000027700000)]
  0x000000001ff80800 JavaThread "stdout" daemon [_thread_in_native, id=8572, stack(0x0000000027500000,0x0000000027600000)]
  0x000000001ff79000 JavaThread "stderr" daemon [_thread_in_native, id=5108, stack(0x0000000027400000,0x0000000027500000)]
  0x000000001ff7a800 JavaThread "stdout" daemon [_thread_in_native, id=4452, stack(0x0000000027300000,0x0000000027400000)]
  0x000000001ff80000 JavaThread "stderr" daemon [_thread_in_native, id=8408, stack(0x0000000027200000,0x0000000027300000)]
  0x000000001ff7d800 JavaThread "png-cruncher_15" daemon [_thread_blocked, id=6320, stack(0x0000000027100000,0x0000000027200000)]
  0x000000001ff7d000 JavaThread "png-cruncher_14" daemon [_thread_blocked, id=8360, stack(0x0000000027000000,0x0000000027100000)]
  0x000000001ff7c000 JavaThread "png-cruncher_13" daemon [_thread_blocked, id=5384, stack(0x0000000026f00000,0x0000000027000000)]
  0x000000001ff7b800 JavaThread "png-cruncher_12" daemon [_thread_blocked, id=2524, stack(0x0000000026e00000,0x0000000026f00000)]
  0x000000001ff7e800 JavaThread "png-cruncher_11" daemon [_thread_blocked, id=5308, stack(0x0000000026d00000,0x0000000026e00000)]
  0x000000001ff78000 JavaThread "stdout" daemon [_thread_in_native, id=9168, stack(0x0000000026c00000,0x0000000026d00000)]
  0x000000001ff7f000 JavaThread "stderr" daemon [_thread_in_native, id=6152, stack(0x0000000026b00000,0x0000000026c00000)]
  0x0000000019446800 JavaThread "stdout" daemon [_thread_in_native, id=6304, stack(0x0000000026a00000,0x0000000026b00000)]
  0x000000001944a800 JavaThread "stderr" daemon [_thread_in_native, id=7644, stack(0x0000000026900000,0x0000000026a00000)]
  0x0000000019449800 JavaThread "stdout" daemon [_thread_in_native, id=3540, stack(0x0000000026800000,0x0000000026900000)]
  0x0000000019448000 JavaThread "stderr" daemon [_thread_in_native, id=6028, stack(0x0000000026700000,0x0000000026800000)]
  0x0000000019444800 JavaThread "stdout" daemon [_thread_in_native, id=4416, stack(0x0000000026500000,0x0000000026600000)]
  0x0000000019447800 JavaThread "stderr" daemon [_thread_in_native, id=6740, stack(0x0000000026400000,0x0000000026500000)]
  0x000000001944b000 JavaThread "stdout" daemon [_thread_in_native, id=7368, stack(0x0000000026300000,0x0000000026400000)]
  0x0000000019446000 JavaThread "stderr" daemon [_thread_in_native, id=4848, stack(0x0000000026200000,0x0000000026300000)]
  0x0000000019445000 JavaThread "png-cruncher_10" daemon [_thread_blocked, id=9164, stack(0x0000000026100000,0x0000000026200000)]
  0x0000000019449000 JavaThread "png-cruncher_9" daemon [_thread_blocked, id=3092, stack(0x0000000026000000,0x0000000026100000)]
  0x000000001c6fb000 JavaThread "png-cruncher_8" daemon [_thread_blocked, id=5496, stack(0x0000000025f00000,0x0000000026000000)]
  0x000000001c6f3800 JavaThread "png-cruncher_7" daemon [_thread_blocked, id=5244, stack(0x0000000025e00000,0x0000000025f00000)]
  0x000000001c6f9800 JavaThread "png-cruncher_6" daemon [_thread_blocked, id=4112, stack(0x0000000025d00000,0x0000000025e00000)]
  0x000000001c6fa800 JavaThread "stdout" daemon [_thread_in_native, id=116, stack(0x0000000025c00000,0x0000000025d00000)]
  0x000000001c6f4800 JavaThread "stderr" daemon [_thread_in_native, id=3956, stack(0x0000000025b00000,0x0000000025c00000)]
  0x000000001c6f9000 JavaThread "stdout" daemon [_thread_in_native, id=5096, stack(0x0000000025a00000,0x0000000025b00000)]
  0x000000001c6f7800 JavaThread "stdout" daemon [_thread_in_native, id=8840, stack(0x0000000025900000,0x0000000025a00000)]
  0x000000001c6f6800 JavaThread "stderr" daemon [_thread_in_native, id=7360, stack(0x0000000025800000,0x0000000025900000)]
  0x000000001c6f6000 JavaThread "stderr" daemon [_thread_in_native, id=7684, stack(0x0000000025700000,0x0000000025800000)]
  0x000000001c6f8000 JavaThread "stdout" daemon [_thread_in_native, id=4212, stack(0x0000000025600000,0x0000000025700000)]
  0x000000001c6f5000 JavaThread "stdout" daemon [_thread_in_native, id=8316, stack(0x0000000025500000,0x0000000025600000)]
  0x000000001c6ef000 JavaThread "stderr" daemon [_thread_in_native, id=7424, stack(0x0000000025400000,0x0000000025500000)]
  0x000000001c6f1800 JavaThread "stderr" daemon [_thread_in_native, id=8204, stack(0x0000000025300000,0x0000000025400000)]
  0x000000001c6f0000 JavaThread "png-cruncher_5" daemon [_thread_blocked, id=272, stack(0x0000000025200000,0x0000000025300000)]
  0x000000001c6ec000 JavaThread "png-cruncher_4" daemon [_thread_blocked, id=4708, stack(0x0000000025100000,0x0000000025200000)]
  0x000000001c6ed800 JavaThread "png-cruncher_3" daemon [_thread_blocked, id=6872, stack(0x0000000022d70000,0x0000000022e70000)]
  0x000000001c6f0800 JavaThread "png-cruncher_2" daemon [_thread_blocked, id=5772, stack(0x0000000022a70000,0x0000000022b70000)]
  0x000000001c6f3000 JavaThread "png-cruncher_1" daemon [_thread_blocked, id=5796, stack(0x0000000022970000,0x0000000022a70000)]
  0x000000001c6ed000 JavaThread "pool-5-thread-4" [_thread_blocked, id=4652, stack(0x0000000022870000,0x0000000022970000)]
  0x000000001c6ee800 JavaThread "pool-5-thread-3" [_thread_blocked, id=1428, stack(0x0000000022670000,0x0000000022770000)]
  0x000000001c6f2000 JavaThread "pool-5-thread-2" [_thread_blocked, id=6056, stack(0x000000001d750000,0x000000001d850000)]
  0x00000000199b9800 JavaThread "pool-5-thread-1" [_thread_blocked, id=3164, stack(0x000000001ab90000,0x000000001ac90000)]
  0x00000000199b8000 JavaThread "Stdin handler" [_thread_blocked, id=5624, stack(0x000000001aa90000,0x000000001ab90000)]
  0x00000000199bc800 JavaThread "Asynchronous log dispatcher for org.gradle.launcher.daemon.server.DefaultDaemonConnection@5bb4a988" [_thread_blocked, id=2796, stack(0x000000001a990000,0x000000001aa90000)]
  0x00000000199b7000 JavaThread "Daemon worker Thread 2" [_thread_in_native, id=7928, stack(0x000000001a890000,0x000000001a990000)]
  0x00000000199b5800 JavaThread "Cancel handler" [_thread_blocked, id=8532, stack(0x0000000001490000,0x0000000001590000)]
  0x00000000199b6800 JavaThread "Handler for socket connection from /127.0.0.1:59944 to /127.0.0.1:59959" [_thread_in_native, id=6560, stack(0x0000000001390000,0x0000000001490000)]
  0x00000000199ba000 JavaThread "Daemon Thread 2" [_thread_blocked, id=5412, stack(0x0000000001290000,0x0000000001390000)]
  0x00000000196bc800 JavaThread "File lock request listener" [_thread_in_native, id=8424, stack(0x000000001c480000,0x000000001c580000)]
  0x0000000019656800 JavaThread "pool-1-thread-1" [_thread_blocked, id=6116, stack(0x000000001a790000,0x000000001a890000)]
  0x00000000198ab000 JavaThread "Incoming local TCP Connector on port 59944" [_thread_in_native, id=956, stack(0x000000001a3b0000,0x000000001a4b0000)]
  0x0000000016951800 JavaThread "Service Thread" daemon [_thread_blocked, id=5720, stack(0x00000000186a0000,0x00000000187a0000)]
  0x000000001694d800 JavaThread "C1 CompilerThread2" daemon [_thread_blocked, id=8604, stack(0x00000000181a0000,0x00000000182a0000)]
=>0x0000000016946800 JavaThread "C2 CompilerThread1" daemon [_thread_in_native, id=3084, stack(0x00000000180a0000,0x00000000181a0000)]
  0x0000000016956800 JavaThread "C2 CompilerThread0" daemon [_thread_blocked, id=5848, stack(0x0000000017fa0000,0x00000000180a0000)]
  0x0000000016955800 JavaThread "Attach Listener" daemon [_thread_blocked, id=8372, stack(0x0000000017ea0000,0x0000000017fa0000)]
  0x0000000016954000 JavaThread "Signal Dispatcher" daemon [_thread_blocked, id=7696, stack(0x0000000017da0000,0x0000000017ea0000)]
  0x0000000016938800 JavaThread "Finalizer" daemon [_thread_blocked, id=5312, stack(0x0000000017bc0000,0x0000000017cc0000)]
  0x0000000002fcf800 JavaThread "Reference Handler" daemon [_thread_blocked, id=8804, stack(0x0000000017ac0000,0x0000000017bc0000)]
  0x0000000002ee0800 JavaThread "main" [_thread_blocked, id=3596, stack(0x0000000002d60000,0x0000000002e60000)]

Other Threads:
  0x0000000016915000 VMThread [stack: 0x00000000179c0000,0x0000000017ac0000] [id=5868]
  0x00000000182c4800 WatcherThread [stack: 0x00000000187a0000,0x00000000188a0000] [id=4744]

VM state:not at safepoint (normal execution)

VM Mutex/Monitor currently owned by a thread: None

Heap:
 PSYoungGen      total 159744K, used 56876K [0x00000000e0000000, 0x00000000ebc80000, 0x0000000100000000)
  eden space 140288K, 26% used [0x00000000e0000000,0x00000000e2491a38,0x00000000e8900000)
  from space 19456K, 99% used [0x00000000ea080000,0x00000000eb3799b0,0x00000000eb380000)
  to   space 24064K, 0% used [0x00000000e8900000,0x00000000e8900000,0x00000000ea080000)
 ParOldGen       total 59904K, used 44130K [0x00000000a0000000, 0x00000000a3a80000, 0x00000000e0000000)
  object space 59904K, 73% used [0x00000000a0000000,0x00000000a2b18a20,0x00000000a3a80000)
 Metaspace       used 58475K, capacity 60750K, committed 60800K, reserved 1101824K
  class space    used 7805K, capacity 8296K, committed 8320K, reserved 1048576K

Card table byte_map: [0x00000000123a0000,0x00000000126b0000] byte_map_base: 0x0000000011ea0000

Marking Bits: (ParMarkBitMap*) 0x000000005f059d00
 Begin Bits: [0x0000000012cb0000, 0x00000000144b0000)
 End Bits:   [0x00000000144b0000, 0x0000000015cb0000)

Polling page: 0x0000000001770000

CodeCache: size=245760Kb used=30894Kb max_used=30983Kb free=214865Kb
 bounds [0x0000000002fe0000, 0x0000000004e50000, 0x0000000011fe0000]
 total_blobs=9483 nmethods=8765 adapters=629
 compilation: enabled

Compilation events (10 events):
Event: 215.345 Thread 0x000000001694d800 10263       3       com.android.utils.FileUtils::mkdirs (43 bytes)
Event: 215.346 Thread 0x000000001694d800 nmethod 10263 0x0000000004e11ad0 code [0x0000000004e11ce0, 0x0000000004e129b8]
Event: 215.504 Thread 0x000000001694d800 10264       3       org.gradle.internal.logging.slf4j.OutputEventListenerBackedLogger::isEnabled (6 bytes)
Event: 215.505 Thread 0x000000001694d800 nmethod 10264 0x0000000004e13a50 code [0x0000000004e13be0, 0x0000000004e140a8]
Event: 215.706 Thread 0x000000001694d800 10265       3       com.google.common.util.concurrent.AbstractFuture$Sync::tryAcquireShared (11 bytes)
Event: 215.706 Thread 0x000000001694d800 nmethod 10265 0x0000000004e15ad0 code [0x0000000004e15c40, 0x0000000004e15fb0]
Event: 215.707 Thread 0x000000001694d800 10266       3       com.google.common.util.concurrent.AbstractFuture$Sync::isDone (16 bytes)
Event: 215.707 Thread 0x000000001694d800 nmethod 10266 0x0000000004e15690 code [0x0000000004e157e0, 0x0000000004e15a30]
Event: 215.732 Thread 0x000000001694d800 10267       3       java.util.regex.Matcher::appendReplacement (571 bytes)
Event: 215.737 Thread 0x0000000016946800 10270       4       sun.nio.cs.SingleByte$Encoder::encodeArrayLoop (236 bytes)

GC Heap History (10 events):
Event: 16.672 GC heap before
{Heap before GC invocations=19 (full 3):
 PSYoungGen      total 130560K, used 16894K [0x00000000e0000000, 0x00000000e9d80000, 0x0000000100000000)
  eden space 113664K, 0% used [0x00000000e0000000,0x00000000e0000000,0x00000000e6f00000)
  from space 16896K, 99% used [0x00000000e8400000,0x00000000e947faa8,0x00000000e9480000)
  to   space 21504K, 0% used [0x00000000e6f00000,0x00000000e6f00000,0x00000000e8400000)
 ParOldGen       total 59904K, used 32167K [0x00000000a0000000, 0x00000000a3a80000, 0x00000000e0000000)
  object space 59904K, 53% used [0x00000000a0000000,0x00000000a1f69ff8,0x00000000a3a80000)
 Metaspace       used 51665K, capacity 53650K, committed 53760K, reserved 1095680K
  class space    used 7093K, capacity 7574K, committed 7680K, reserved 1048576K
Event: 17.111 GC heap after
Heap after GC invocations=19 (full 3):
 PSYoungGen      total 130560K, used 0K [0x00000000e0000000, 0x00000000e9d80000, 0x0000000100000000)
  eden space 113664K, 0% used [0x00000000e0000000,0x00000000e0000000,0x00000000e6f00000)
  from space 16896K, 0% used [0x00000000e8400000,0x00000000e8400000,0x00000000e9480000)
  to   space 21504K, 0% used [0x00000000e6f00000,0x00000000e6f00000,0x00000000e8400000)
 ParOldGen       total 59904K, used 40535K [0x00000000a0000000, 0x00000000a3a80000, 0x00000000e0000000)
  object space 59904K, 67% used [0x00000000a0000000,0x00000000a2795c70,0x00000000a3a80000)
 Metaspace       used 51665K, capacity 53650K, committed 53760K, reserved 1095680K
  class space    used 7093K, capacity 7574K, committed 7680K, reserved 1048576K
}
Event: 26.088 GC heap before
{Heap before GC invocations=20 (full 3):
 PSYoungGen      total 130560K, used 113664K [0x00000000e0000000, 0x00000000e9d80000, 0x0000000100000000)
  eden space 113664K, 100% used [0x00000000e0000000,0x00000000e6f00000,0x00000000e6f00000)
  from space 16896K, 0% used [0x00000000e8400000,0x00000000e8400000,0x00000000e9480000)
  to   space 21504K, 0% used [0x00000000e6f00000,0x00000000e6f00000,0x00000000e8400000)
 ParOldGen       total 59904K, used 40535K [0x00000000a0000000, 0x00000000a3a80000, 0x00000000e0000000)
  object space 59904K, 67% used [0x00000000a0000000,0x00000000a2795c70,0x00000000a3a80000)
 Metaspace       used 52452K, capacity 54528K, committed 54784K, reserved 1095680K
  class space    used 7130K, capacity 7605K, committed 7680K, reserved 1048576K
Event: 26.120 GC heap after
Heap after GC invocations=20 (full 3):
 PSYoungGen      total 135168K, used 4512K [0x00000000e0000000, 0x00000000eb380000, 0x0000000100000000)
  eden space 113664K, 0% used [0x00000000e0000000,0x00000000e0000000,0x00000000e6f00000)
  from space 21504K, 20% used [0x00000000e6f00000,0x00000000e7368000,0x00000000e8400000)
  to   space 20992K, 0% used [0x00000000e9f00000,0x00000000e9f00000,0x00000000eb380000)
 ParOldGen       total 59904K, used 40543K [0x00000000a0000000, 0x00000000a3a80000, 0x00000000e0000000)
  object space 59904K, 67% used [0x00000000a0000000,0x00000000a2797c70,0x00000000a3a80000)
 Metaspace       used 52452K, capacity 54528K, committed 54784K, reserved 1095680K
  class space    used 7130K, capacity 7605K, committed 7680K, reserved 1048576K
}
Event: 167.337 GC heap before
{Heap before GC invocations=21 (full 3):
 PSYoungGen      total 135168K, used 118176K [0x00000000e0000000, 0x00000000eb380000, 0x0000000100000000)
  eden space 113664K, 100% used [0x00000000e0000000,0x00000000e6f00000,0x00000000e6f00000)
  from space 21504K, 20% used [0x00000000e6f00000,0x00000000e7368000,0x00000000e8400000)
  to   space 20992K, 0% used [0x00000000e9f00000,0x00000000e9f00000,0x00000000eb380000)
 ParOldGen       total 59904K, used 40543K [0x00000000a0000000, 0x00000000a3a80000, 0x00000000e0000000)
  object space 59904K, 67% used [0x00000000a0000000,0x00000000a2797c70,0x00000000a3a80000)
 Metaspace       used 56205K, capacity 58462K, committed 58496K, reserved 1099776K
  class space    used 7598K, capacity 8060K, committed 8064K, reserved 1048576K
Event: 167.352 GC heap after
Heap after GC invocations=21 (full 3):
 PSYoungGen      total 136192K, used 6471K [0x00000000e0000000, 0x00000000ea580000, 0x0000000100000000)
  eden space 129536K, 0% used [0x00000000e0000000,0x00000000e0000000,0x00000000e7e80000)
  from space 6656K, 97% used [0x00000000e9f00000,0x00000000ea551c88,0x00000000ea580000)
  to   space 19968K, 0% used [0x00000000e7e80000,0x00000000e7e80000,0x00000000e9200000)
 ParOldGen       total 59904K, used 40551K [0x00000000a0000000, 0x00000000a3a80000, 0x00000000e0000000)
  object space 59904K, 67% used [0x00000000a0000000,0x00000000a2799c70,0x00000000a3a80000)
 Metaspace       used 56205K, capacity 58462K, committed 58496K, reserved 1099776K
  class space    used 7598K, capacity 8060K, committed 8064K, reserved 1048576K
}
Event: 180.100 GC heap before
{Heap before GC invocations=22 (full 3):
 PSYoungGen      total 136192K, used 136007K [0x00000000e0000000, 0x00000000ea580000, 0x0000000100000000)
  eden space 129536K, 100% used [0x00000000e0000000,0x00000000e7e80000,0x00000000e7e80000)
  from space 6656K, 97% used [0x00000000e9f00000,0x00000000ea551c88,0x00000000ea580000)
  to   space 19968K, 0% used [0x00000000e7e80000,0x00000000e7e80000,0x00000000e9200000)
 ParOldGen       total 59904K, used 40551K [0x00000000a0000000, 0x00000000a3a80000, 0x00000000e0000000)
  object space 59904K, 67% used [0x00000000a0000000,0x00000000a2799c70,0x00000000a3a80000)
 Metaspace       used 57297K, capacity 59550K, committed 59776K, reserved 1101824K
  class space    used 7715K, capacity 8214K, committed 8320K, reserved 1048576K
Event: 180.124 GC heap after
Heap after GC invocations=22 (full 3):
 PSYoungGen      total 149504K, used 10308K [0x00000000e0000000, 0x00000000eb380000, 0x0000000100000000)
  eden space 129536K, 0% used [0x00000000e0000000,0x00000000e0000000,0x00000000e7e80000)
  from space 19968K, 51% used [0x00000000e7e80000,0x00000000e88912f8,0x00000000e9200000)
  to   space 19456K, 0% used [0x00000000ea080000,0x00000000ea080000,0x00000000eb380000)
 ParOldGen       total 59904K, used 40559K [0x00000000a0000000, 0x00000000a3a80000, 0x00000000e0000000)
  object space 59904K, 67% used [0x00000000a0000000,0x00000000a279bc70,0x00000000a3a80000)
 Metaspace       used 57297K, capacity 59550K, committed 59776K, reserved 1101824K
  class space    used 7715K, capacity 8214K, committed 8320K, reserved 1048576K
}
Event: 204.238 GC heap before
{Heap before GC invocations=23 (full 3):
 PSYoungGen      total 149504K, used 139844K [0x00000000e0000000, 0x00000000eb380000, 0x0000000100000000)
  eden space 129536K, 100% used [0x00000000e0000000,0x00000000e7e80000,0x00000000e7e80000)
  from space 19968K, 51% used [0x00000000e7e80000,0x00000000e88912f8,0x00000000e9200000)
  to   space 19456K, 0% used [0x00000000ea080000,0x00000000ea080000,0x00000000eb380000)
 ParOldGen       total 59904K, used 40559K [0x00000000a0000000, 0x00000000a3a80000, 0x00000000e0000000)
  object space 59904K, 67% used [0x00000000a0000000,0x00000000a279bc70,0x00000000a3a80000)
 Metaspace       used 58360K, capacity 60610K, committed 60800K, reserved 1101824K
  class space    used 7791K, capacity 8294K, committed 8320K, reserved 1048576K
Event: 204.420 GC heap after
Heap after GC invocations=23 (full 3):
 PSYoungGen      total 159744K, used 19430K [0x00000000e0000000, 0x00000000ebc80000, 0x0000000100000000)
  eden space 140288K, 0% used [0x00000000e0000000,0x00000000e0000000,0x00000000e8900000)
  from space 19456K, 99% used [0x00000000ea080000,0x00000000eb3799b0,0x00000000eb380000)
  to   space 24064K, 0% used [0x00000000e8900000,0x00000000e8900000,0x00000000ea080000)
 ParOldGen       total 59904K, used 44130K [0x00000000a0000000, 0x00000000a3a80000, 0x00000000e0000000)
  object space 59904K, 73% used [0x00000000a0000000,0x00000000a2b18a20,0x00000000a3a80000)
 Metaspace       used 58360K, capacity 60610K, committed 60800K, reserved 1101824K
  class space    used 7791K, capacity 8294K, committed 8320K, reserved 1048576K
}

Deoptimization events (10 events):
Event: 203.739 Thread 0x00000000199b7000 Uncommon trap: reason=unstable_if action=reinterpret pc=0x0000000004d6a510 method=com.sun.org.apache.xerces.internal.dom.ElementNSImpl.setName(Ljava/lang/String;Ljava/lang/String;)V @ 6
Event: 203.785 Thread 0x00000000199b7000 Uncommon trap: reason=null_check action=make_not_entrant pc=0x0000000003824cfc method=com.sun.org.apache.xerces.internal.dom.AttrImpl.getOwnerElement()Lorg/w3c/dom/Element; @ 18
Event: 203.793 Thread 0x000000001c6ed000 Uncommon trap: reason=unstable_if action=reinterpret pc=0x00000000036fff70 method=java.util.concurrent.locks.ReentrantLock$Sync.nonfairTryAcquire(I)Z @ 19
Event: 204.087 Thread 0x00000000199b7000 Uncommon trap: reason=unstable_if action=reinterpret pc=0x0000000003da8224 method=com.sun.org.apache.xerces.internal.dom.ChildNode.parentNode()Lcom/sun/org/apache/xerces/internal/dom/NodeImpl; @ 4
Event: 204.088 Thread 0x00000000199b7000 Uncommon trap: reason=unstable_if action=reinterpret pc=0x0000000004d435f0 method=com.sun.org.apache.xerces.internal.dom.CoreDocumentImpl.setUserData(Lorg/w3c/dom/Node;Ljava/lang/String;Ljava/lang/Object;Lorg/w3c/dom/UserDataHandler;)Ljava/lang/Object; @ 1çªÆÍ‚i@
Event: 204.088 Thread 0x00000000199b7000 Uncommon trap: reason=unstable_if action=reinterpret pc=0x0000000004d3c318 method=com.sun.org.apache.xerces.internal.dom.CoreDocumentImpl.setUserData(Lorg/w3c/dom/Node;Ljava/lang/String;Ljava/lang/Object;Lorg/w3c/dom/UserDataHandler;)Ljava/lang/Object; @ 1ª­Á4Ô†i@
Event: 204.213 Thread 0x00000000199b7000 Uncommon trap: reason=unstable_if action=reinterpret pc=0x0000000003569ccc method=java.io.File.equals(Ljava/lang/Object;)Z @ 1
Event: 204.730 Thread 0x00000000199b7000 Uncommon trap: reason=null_check action=make_not_entrant pc=0x0000000003a35148 method=com.android.ide.common.res2.NodeUtils.processSingleNodeNamespace(Lorg/w3c/dom/Node;Lorg/w3c/dom/Document;)Z @ 8
Event: 205.632 Thread 0x00000000199b7000 Uncommon trap: reason=unstable_if action=reinterpret pc=0x0000000004de0360 method=com.sun.org.apache.xerces.internal.dom.ElementImpl.getTagName()Ljava/lang/String; @ 4
Event: 215.704 Thread 0x000000001ff7e800 Uncommon trap: reason=unstable_if action=reinterpret pc=0x0000000003e6d798 method=java.util.regex.Matcher.appendReplacement(Ljava/lang/StringBuffer;Ljava/lang/String;)Ljava/util/regex/Matcher; @ 47

Internal exceptions (10 events):
Event: 177.007 Thread 0x00000000199b7000 Exception <a 'java/lang/ClassNotFoundException': com/android/build/gradle/internal/LibraryCache$1BeanInfo> (0x00000000e676a9e8) thrown at [C:\src\android\AOSP-openjdk\external\jetbrains\jdk\hotspot\src\share\vm\classfile\systemDictionary.cpp, line 210]
Event: 177.008 Thread 0x00000000199b7000 Exception <a 'java/lang/ClassNotFoundException': com/android/build/gradle/internal/LibraryCache$1Customizer> (0x00000000e677b280) thrown at [C:\src\android\AOSP-openjdk\external\jetbrains\jdk\hotspot\src\share\vm\classfile\systemDictionary.cpp, line 210]
Event: 182.228 Thread 0x00000000199b7000 Implicit null exception at 0x000000000481a1f3 to 0x000000000481a8a1
Event: 201.494 Thread 0x00000000199b7000 Implicit null exception at 0x0000000004cfb225 to 0x0000000004cfb279
Event: 202.108 Thread 0x00000000199b7000 Implicit null exception at 0x0000000004cfcf5b to 0x0000000004d02231
Event: 202.249 Thread 0x00000000199b7000 Implicit null exception at 0x0000000004d28196 to 0x0000000004d28c98
Event: 203.716 Thread 0x00000000199b7000 Implicit null exception at 0x0000000004d6bc2d to 0x0000000004d6d821
Event: 203.739 Thread 0x00000000199b7000 Implicit null exception at 0x0000000004d688cc to 0x0000000004d6a4f9
Event: 204.213 Thread 0x00000000199b7000 Implicit null exception at 0x00000000035696af to 0x0000000003569cb9
Event: 204.730 Thread 0x00000000199b7000 Implicit null exception at 0x0000000003a34dd7 to 0x0000000003a35139

Events (10 events):
Event: 215.707 Executing VM operation: RevokeBias done
Event: 215.708 Thread 0x000000001b639000 Thread added: 0x000000001b639000
Event: 215.708 Thread 0x000000001b63c800 Thread added: 0x000000001b63c800
Event: 215.708 Executing VM operation: RevokeBias
Event: 215.731 Executing VM operation: RevokeBias done
Event: 215.732 Executing VM operation: RevokeBias
Event: 215.732 Executing VM operation: RevokeBias done
Event: 215.735 Executing VM operation: RevokeBias
Event: 215.735 Executing VM operation: RevokeBias done
Event: 215.736 Thread 0x000000001b636800 Thread added: 0x000000001b636800


Dynamic libraries:
0x00007ff68aa30000 - 0x00007ff68aa61000 	C:\Program Files\Android\Android Studio\jre\bin\java.exe
0x00007ffe5bdc0000 - 0x00007ffe5bf82000 	C:\Windows\SYSTEM32\ntdll.dll
0x00007ffe59840000 - 0x00007ffe598ed000 	C:\Windows\system32\KERNEL32.DLL
0x00007ffe589a0000 - 0x00007ffe58b7d000 	C:\Windows\system32\KERNELBASE.dll
0x00007ffe5bc50000 - 0x00007ffe5bcf6000 	C:\Windows\system32\ADVAPI32.dll
0x00007ffe59930000 - 0x00007ffe599cd000 	C:\Windows\system32\msvcrt.dll
0x00007ffe5bd00000 - 0x00007ffe5bd5b000 	C:\Windows\system32\sechost.dll
0x00007ffe5a340000 - 0x00007ffe5a466000 	C:\Windows\system32\RPCRT4.dll
0x00007ffe5bb00000 - 0x00007ffe5bc4e000 	C:\Windows\system32\USER32.dll
0x00007ffe59490000 - 0x00007ffe59615000 	C:\Windows\system32\GDI32.dll
0x00007ffe4a050000 - 0x00007ffe4a2c4000 	C:\Windows\WinSxS\amd64_microsoft.windows.common-controls_6595b64144ccf1df_6.0.10240.16384_none_f41f7b285750ef43\COMCTL32.dll
0x00007ffe598f0000 - 0x00007ffe59926000 	C:\Windows\system32\IMM32.DLL
0x00007ffe599d0000 - 0x00007ffe59b2c000 	C:\Windows\system32\MSCTF.dll
0x000000005e7c0000 - 0x000000005e892000 	C:\Program Files\Android\Android Studio\jre\jre\bin\msvcr100.dll
0x000000005e8a0000 - 0x000000005f0d4000 	C:\Program Files\Android\Android Studio\jre\jre\bin\server\jvm.dll
0x00007ffe5a480000 - 0x00007ffe5a488000 	C:\Windows\system32\PSAPI.DLL
0x00007ffe4d530000 - 0x00007ffe4d553000 	C:\Windows\SYSTEM32\WINMM.dll
0x00007ffe56950000 - 0x00007ffe5695a000 	C:\Windows\SYSTEM32\VERSION.dll
0x00007ffe56800000 - 0x00007ffe56809000 	C:\Windows\SYSTEM32\WSOCK32.dll
0x00007ffe5a490000 - 0x00007ffe5a4f9000 	C:\Windows\system32\WS2_32.dll
0x00007ffe4d110000 - 0x00007ffe4d13c000 	C:\Windows\SYSTEM32\WINMMBASE.dll
0x00007ffe59fc0000 - 0x00007ffe59fc8000 	C:\Windows\system32\NSI.dll
0x00007ffe58950000 - 0x00007ffe58994000 	C:\Windows\system32\cfgmgr32.dll
0x00007ffe57120000 - 0x00007ffe57147000 	C:\Windows\SYSTEM32\DEVOBJ.dll
0x00007ffe567f0000 - 0x00007ffe567ff000 	C:\Program Files\Android\Android Studio\jre\jre\bin\verify.dll
0x00007ffe556a0000 - 0x00007ffe556c9000 	C:\Program Files\Android\Android Studio\jre\jre\bin\java.dll
0x00007ffe55000000 - 0x00007ffe55016000 	C:\Program Files\Android\Android Studio\jre\jre\bin\zip.dll
0x00007ffe5a500000 - 0x00007ffe5ba25000 	C:\Windows\system32\SHELL32.dll
0x00007ffe58c30000 - 0x00007ffe59258000 	C:\Windows\system32\windows.storage.dll
0x00007ffe59d40000 - 0x00007ffe59fbc000 	C:\Windows\system32\combase.dll
0x00007ffe5a0b0000 - 0x00007ffe5a101000 	C:\Windows\system32\shlwapi.dll
0x00007ffe58830000 - 0x00007ffe5883f000 	C:\Windows\system32\kernel.appcore.dll
0x00007ffe58890000 - 0x00007ffe58943000 	C:\Windows\system32\shcore.dll
0x00007ffe58840000 - 0x00007ffe5888a000 	C:\Windows\system32\powrprof.dll
0x00007ffe587f0000 - 0x00007ffe58803000 	C:\Windows\system32\profapi.dll
0x00007ffe51f40000 - 0x00007ffe51f5a000 	C:\Program Files\Android\Android Studio\jre\jre\bin\net.dll
0x00007ffe58060000 - 0x00007ffe580bd000 	C:\Windows\system32\mswsock.dll
0x00007ffe51f20000 - 0x00007ffe51f31000 	C:\Program Files\Android\Android Studio\jre\jre\bin\nio.dll
0x00007ffe4d6e0000 - 0x00007ffe4d6f2000 	C:\Users\d\.gradle\native\19\windows-amd64\native-platform.dll
0x00007ffe580c0000 - 0x00007ffe580d7000 	C:\Windows\SYSTEM32\CRYPTSP.dll
0x00007ffe58330000 - 0x00007ffe58358000 	C:\Windows\SYSTEM32\bcrypt.dll
0x00007ffe57d10000 - 0x00007ffe57d43000 	C:\Windows\system32\rsaenh.dll
0x00007ffe57e00000 - 0x00007ffe57e1f000 	C:\Windows\SYSTEM32\USERENV.dll
0x00007ffe58640000 - 0x00007ffe586ab000 	C:\Windows\system32\bcryptprimitives.dll
0x00007ffe58230000 - 0x00007ffe5823b000 	C:\Windows\SYSTEM32\CRYPTBASE.dll
0x00007ffe56910000 - 0x00007ffe56948000 	C:\Windows\SYSTEM32\IPHLPAPI.DLL
0x00007ffe56900000 - 0x00007ffe5690b000 	C:\Windows\SYSTEM32\WINNSI.DLL
0x00007ffe53a00000 - 0x00007ffe53a16000 	C:\Windows\SYSTEM32\dhcpcsvc6.DLL
0x00007ffe563a0000 - 0x00007ffe563ba000 	C:\Windows\SYSTEM32\dhcpcsvc.DLL
0x00007ffe567e0000 - 0x00007ffe567ed000 	C:\Program Files\Android\Android Studio\jre\jre\bin\management.dll

VM Arguments:
jvm_args: -Xmx1536m -Dfile.encoding=windows-1252 -Duser.country=US -Duser.language=en -Duser.variant 
java_command: org.gradle.launcher.daemon.bootstrap.GradleDaemon 2.14.1
java_class_path (initial): C:\Program Files\Android\Android Studio\gradle\gradle-2.14.1\lib\gradle-launcher-2.14.1.jar
Launcher Type: SUN_STANDARD

Environment Variables:
PATH=C:\Windows\system32;C:\Windows;C:\Windows\System32\Wbem;C:\Windows\System32\WindowsPowerShell\v1.0\
USERNAME=d
OS=Windows_NT
PROCESSOR_IDENTIFIER=Intel64 Family 6 Model 69 Stepping 1, GenuineIntel



---------------  S Y S T E M  ---------------

OS: Windows 10.0 , 64 bit Build 10240 (10.0.10240.16384)

CPU:total 4 (2 cores per cpu, 2 threads per core) family 6 model 69 stepping 1, cmov, cx8, fxsr, mmx, sse, sse2, sse3, ssse3, sse4.1, sse4.2, popcnt, avx, avx2, aes, clmul, erms, lzcnt, ht, tsc, tscinvbit, bmi1, bmi2

Memory: 4k page, physical 4088940k(201552k free), swap 12984936k(1096k free)

vm_info: OpenJDK 64-Bit Server VM (25.76-b03) for windows-amd64 JRE (1.8.0_76-release-b03), built on Jun 29 2016 19:09:20 by "ralucas" with MS VC++ 10.0 (VS2010)

time: Thu Jun 21 14:41:53 2018
elapsed time: 216 seconds (0d 0h 3m 36s)

